\BOOKMARK [1][]{Outline1}{Foundations}{}% 1
\BOOKMARK [2][]{Outline1.1}{The MBS Hedging Challenge}{Outline1}% 2
\BOOKMARK [2][]{Outline1.2}{Core Risk Metrics}{Outline1}% 3
\BOOKMARK [2][]{Outline1.3}{Extended Greeks}{Outline1}% 4
\BOOKMARK [1][]{Outline2}{Prepayment Modeling}{}% 5
\BOOKMARK [2][]{Outline2.4}{Prepayment Conventions}{Outline2}% 6
\BOOKMARK [1][]{Outline3}{Hedging Instruments}{}% 7
\BOOKMARK [2][]{Outline3.5}{Linear Hedges}{Outline3}% 8
\BOOKMARK [2][]{Outline3.6}{Non-Linear Hedges}{Outline3}% 9
\BOOKMARK [1][]{Outline4}{Hedge Ratios}{}% 10
\BOOKMARK [2][]{Outline4.7}{Hedge Ratio Theory}{Outline4}% 11
\BOOKMARK [1][]{Outline5}{Dynamic Hedging}{}% 12
\BOOKMARK [2][]{Outline5.8}{Rebalancing Framework}{Outline5}% 13
\BOOKMARK [1][]{Outline6}{Basis \046 Spreads}{}% 14
\BOOKMARK [2][]{Outline6.9}{Mortgage Basis}{Outline6}% 15
\BOOKMARK [2][]{Outline6.10}{Advanced Spread Analytics}{Outline6}% 16
\BOOKMARK [1][]{Outline7}{Empirical Performance}{}% 17
\BOOKMARK [2][]{Outline7.11}{Historical Analysis}{Outline7}% 18
\BOOKMARK [2][]{Outline7.12}{Historical Case Studies}{Outline7}% 19
\BOOKMARK [1][]{Outline8}{Portfolio \046 Risk Management}{}% 20
\BOOKMARK [2][]{Outline8.13}{Portfolio-Level Considerations}{Outline8}% 21
\BOOKMARK [2][]{Outline8.14}{Numerical Methods}{Outline8}% 22
\BOOKMARK [1][]{Outline9}{Summary}{}% 23
\BOOKMARK [2][]{Outline9.15}{Key Takeaways}{Outline9}% 24
